<?xml version="1.0" encoding="utf-8"?><testsuites><testsuite name="pytest" errors="0" failures="0" skipped="0" tests="1" time="2.252" timestamp="2025-04-26T14:48:24.172307+02:00" hostname="DESKTOP-AAV2SRH"><testcase classname="test_app" name="test_home_route_post" time="0.019" /></testsuite></testsuites>